<?xml version="1.0" encoding="UTF-8"?>
<testng-results ignored="0" total="1" passed="1" failed="0" skipped="0">
  <reporter-output>
  </reporter-output>
  <suite started-at="2022-10-20T18:13:00 IST" name="Default suite" finished-at="2022-10-20T18:13:21 IST" duration-ms="20353">
    <groups>
    </groups>
    <test started-at="2022-10-20T18:13:00 IST" name="Default test" finished-at="2022-10-20T18:13:21 IST" duration-ms="20353">
      <class name="TestCase.LoginTc_001">
        <test-method is-config="true" signature="setUp(java.lang.String,java.lang.String)[pri:0, instance:TestCase.LoginTc_001@1e1a0406]" started-at="2022-10-20T18:13:00 IST" name="setUp" finished-at="2022-10-20T18:13:12 IST" duration-ms="11864" status="PASS">
          <params>
            <param index="0">
              <value>
                <![CDATA[chrome]]>
              </value>
            </param>
            <param index="1">
              <value>
                <![CDATA[https://demo.guru99.com/v4/index.php]]>
              </value>
            </param>
          </params>
          <reporter-output>
          </reporter-output>
        </test-method> <!-- setUp -->
        <test-method signature="Login_01()[pri:1, instance:TestCase.LoginTc_001@1e1a0406]" started-at="2022-10-20T18:13:12 IST" name="Login_01" finished-at="2022-10-20T18:13:15 IST" duration-ms="3439" status="PASS">
          <reporter-output>
          </reporter-output>
        </test-method> <!-- Login_01 -->
        <test-method is-config="true" signature="tearDown()[pri:0, instance:TestCase.LoginTc_001@1e1a0406]" started-at="2022-10-20T18:13:15 IST" name="tearDown" finished-at="2022-10-20T18:13:20 IST" duration-ms="5000" status="PASS">
          <reporter-output>
          </reporter-output>
        </test-method> <!-- tearDown -->
      </class> <!-- TestCase.LoginTc_001 -->
    </test> <!-- Default test -->
  </suite> <!-- Default suite -->
</testng-results>
